<?xml version="1.0" encoding="UTF-8"?>
<testsuite xmlns:xsi="http://www.w3.org/2001/XMLSchema-instance" xsi:noNamespaceSchemaLocation="https://maven.apache.org/surefire/maven-surefire-plugin/xsd/surefire-test-report.xsd" version="3.0.2" name="com.codewithmosh.store.StoreApplicationTests" time="3.501" tests="1" errors="0" skipped="0" failures="0">
  <properties>
[...]
</properties>
  <testcase name="contextLoads" classname="com.codewithmosh.store.StoreApplicationTests" time="0.307">
    <system-out><![CDATA[17:05:28.380 [main] INFO org.springframework.test.context.support.AnnotationConfigContextLoaderUtils -- Could not detect default configuration classes for test class [com.codewithmosh.store.StoreApplicationTests]: StoreApplicationTests does not declare any static, non-private, non-final, nested classes annotated with @Configuration.
17:05:28.442 [main] INFO org.springframework.boot.test.context.SpringBootTestContextBootstrapper -- Found @SpringBootConfiguration com.codewithmosh.store.StoreApplication for test class com.codewithmosh.store.StoreApplicationTests

  .   ____          _            __ _ _
 /\\ / ___'_ __ _ _(_)_ __  __ _ \ \ \ \
( ( )\___ | '_ | '_| | '_ \/ _` | \ \ \ \
 \\/  ___)| |_)| | | | | || (_| |  ) ) ) )
  '  |____| .__|_| |_|_| |_\__, | / / / /
 =========|_|==============|___/=/_/_/_/

 :: Spring Boot ::                (v3.4.1)

2025-10-01T17:05:28.654+02:00  INFO 74858 --- [store] [           main] c.c.store.StoreApplicationTests          : Starting StoreApplicationTests using Java 17.0.16 with PID 74858 (started by root in /Users/user/Documents/springtutorial/spring-api-starter-main)
2025-10-01T17:05:28.655+02:00  INFO 74858 --- [store] [           main] c.c.store.StoreApplicationTests          : The following 1 profile is active: "dev"
2025-10-01T17:05:29.082+02:00  INFO 74858 --- [store] [           main] .s.d.r.c.RepositoryConfigurationDelegate : Bootstrapping Spring Data JPA repositories in DEFAULT mode.
2025-10-01T17:05:29.124+02:00  INFO 74858 --- [store] [           main] .s.d.r.c.RepositoryConfigurationDelegate : Finished Spring Data repository scanning in 37 ms. Found 7 JPA repository interfaces.
2025-10-01T17:05:29.411+02:00  INFO 74858 --- [store] [           main] com.zaxxer.hikari.HikariDataSource       : HikariPool-1 - Starting...
2025-10-01T17:05:29.623+02:00  INFO 74858 --- [store] [           main] com.zaxxer.hikari.pool.HikariPool        : HikariPool-1 - Added connection com.mysql.cj.jdbc.ConnectionImpl@6335f04a
2025-10-01T17:05:29.624+02:00  INFO 74858 --- [store] [           main] com.zaxxer.hikari.HikariDataSource       : HikariPool-1 - Start completed.
2025-10-01T17:05:29.667+02:00  INFO 74858 --- [store] [           main] org.flywaydb.core.FlywayExecutor         : Database: jdbc:mysql://localhost:3306/store_api?createDatabaseIfNotExist=true (MySQL 8.0)
2025-10-01T17:05:29.730+02:00  INFO 74858 --- [store] [           main] o.f.core.internal.command.DbValidate     : Successfully validated 8 migrations (execution time 00:00.023s)
2025-10-01T17:05:29.744+02:00  INFO 74858 --- [store] [           main] o.f.core.internal.command.DbMigrate      : Current version of schema `store_api`: 8
2025-10-01T17:05:29.747+02:00  INFO 74858 --- [store] [           main] o.f.core.internal.command.DbMigrate      : Schema `store_api` is up to date. No migration necessary.
2025-10-01T17:05:29.808+02:00  INFO 74858 --- [store] [           main] o.hibernate.jpa.internal.util.LogHelper  : HHH000204: Processing PersistenceUnitInfo [name: default]
2025-10-01T17:05:29.839+02:00  INFO 74858 --- [store] [           main] org.hibernate.Version                    : HHH000412: Hibernate ORM core version 6.6.4.Final
2025-10-01T17:05:29.857+02:00  INFO 74858 --- [store] [           main] o.h.c.internal.RegionFactoryInitiator    : HHH000026: Second-level cache disabled
2025-10-01T17:05:29.996+02:00  INFO 74858 --- [store] [           main] o.s.o.j.p.SpringPersistenceUnitInfo      : No LoadTimeWeaver setup: ignoring JPA class transformer
2025-10-01T17:05:30.049+02:00  INFO 74858 --- [store] [           main] org.hibernate.orm.connections.pooling    : HHH10001005: Database info:
	Database JDBC URL [Connecting through datasource 'HikariDataSource (HikariPool-1)']
	Database driver: undefined/unknown
	Database version: 8.0.42
	Autocommit mode: undefined/unknown
	Isolation level: undefined/unknown
	Minimum pool size: undefined/unknown
	Maximum pool size: undefined/unknown
2025-10-01T17:05:30.582+02:00  INFO 74858 --- [store] [           main] o.h.e.t.j.p.i.JtaPlatformInitiator       : HHH000489: No JTA platform available (set 'hibernate.transaction.jta.platform' to enable JTA platform integration)
2025-10-01T17:05:30.583+02:00  INFO 74858 --- [store] [           main] j.LocalContainerEntityManagerFactoryBean : Initialized JPA EntityManagerFactory for persistence unit 'default'
2025-10-01T17:05:30.748+02:00  INFO 74858 --- [store] [           main] eAuthenticationProviderManagerConfigurer : Global AuthenticationManager configured with AuthenticationProvider bean with name authenticationProvider
2025-10-01T17:05:30.748+02:00  WARN 74858 --- [store] [           main] r$InitializeUserDetailsManagerConfigurer : Global AuthenticationManager configured with an AuthenticationProvider bean. UserDetailsService beans will not be used by Spring Security for automatically configuring username/password login. Consider removing the AuthenticationProvider bean. Alternatively, consider using the UserDetailsService in a manually instantiated DaoAuthenticationProvider. If the current configuration is intentional, to turn off this warning, increase the logging level of 'org.springframework.security.config.annotation.authentication.configuration.InitializeUserDetailsBeanManagerConfigurer' to ERROR
2025-10-01T17:05:30.770+02:00  INFO 74858 --- [store] [           main] o.s.d.j.r.query.QueryEnhancerFactory     : Hibernate is in classpath; If applicable, HQL parser will be used.
2025-10-01T17:05:31.084+02:00  WARN 74858 --- [store] [           main] JpaBaseConfiguration$JpaWebConfiguration : spring.jpa.open-in-view is enabled by default. Therefore, database queries may be performed during view rendering. Explicitly configure spring.jpa.open-in-view to disable this warning
2025-10-01T17:05:31.128+02:00  INFO 74858 --- [store] [           main] o.s.b.a.w.s.WelcomePageHandlerMapping    : Adding welcome page template: index
2025-10-01T17:05:31.485+02:00  INFO 74858 --- [store] [           main] c.c.store.StoreApplicationTests          : Started StoreApplicationTests in 2.972 seconds (process running for 3.457)
]]></system-out>
  </testcase>
</testsuite>